#-----------------------------------------------------------
# Vivado v2019.2 (64-bit)
# SW Build 2708876 on Wed Nov  6 21:40:23 MST 2019
# IP Build 2700528 on Thu Nov  7 00:09:20 MST 2019
# Start of session at: Wed Nov 23 16:31:58 2022
# Process ID: 1460
# Current directory: C:/Users/admin/Desktop/bai_tap_lon_replay
# Command line: vivado.exe -gui_launcher_event rodinguilauncherevent14760 C:\Users\admin\Desktop\bai_tap_lon_replay\bai_tap_lon_replay.xpr
# Log file: C:/Users/admin/Desktop/bai_tap_lon_replay/vivado.log
# Journal file: C:/Users/admin/Desktop/bai_tap_lon_replay\vivado.jou
#-----------------------------------------------------------
start_gui
open_project C:/Users/admin/Desktop/bai_tap_lon_replay/bai_tap_lon_replay.xpr
Scanning sources...
Finished scanning sources
INFO: [IP_Flow 19-234] Refreshing IP repositories
INFO: [IP_Flow 19-1704] No user IP repositories specified
INFO: [IP_Flow 19-2313] Loaded Vivado IP repository 'C:/Xilinx/Vivado/2019.2/data/ip'.
update_compile_order -fileset sources_1
launch_simulation
Command: launch_simulation 
INFO: [Vivado 12-5682] Launching behavioral simulation in 'C:/Users/admin/Desktop/bai_tap_lon_replay/bai_tap_lon_replay.sim/sim_1/behav/xsim'
INFO: [SIM-utils-51] Simulation object is 'sim_1'
INFO: [SIM-utils-54] Inspecting design source files for 'tb_main' in fileset 'sim_1'...
INFO: [USF-XSim-97] Finding global include files...
INFO: [USF-XSim-98] Fetching design files from 'sim_1'...
INFO: [USF-XSim-2] XSim::Compile design
INFO: [USF-XSim-61] Executing 'COMPILE and ANALYZE' step in 'C:/Users/admin/Desktop/bai_tap_lon_replay/bai_tap_lon_replay.sim/sim_1/behav/xsim'
"xvhdl --incr --relax -prj tb_main_vhdl.prj"
INFO: [VRFC 10-163] Analyzing VHDL file "C:/Users/admin/Desktop/bai_tap_lon_replay/bai_tap_lon_replay.srcs/sources_1/new/main.vhd" into library xil_defaultlib
INFO: [VRFC 10-3107] analyzing entity 'main'
INFO: [USF-XSim-69] 'compile' step finished in '1' seconds
INFO: [USF-XSim-3] XSim::Elaborate design
INFO: [USF-XSim-61] Executing 'ELABORATE' step in 'C:/Users/admin/Desktop/bai_tap_lon_replay/bai_tap_lon_replay.sim/sim_1/behav/xsim'
"xelab -wto ad31fadf0d764d0c85af655214f938d2 --incr --debug typical --relax --mt 2 -L xil_defaultlib -L secureip --snapshot tb_main_behav xil_defaultlib.tb_main -log elaborate.log"
Vivado Simulator 2019.2
Copyright 1986-1999, 2001-2019 Xilinx, Inc. All Rights Reserved.
Running: C:/Xilinx/Vivado/2019.2/bin/unwrapped/win64.o/xelab.exe -wto ad31fadf0d764d0c85af655214f938d2 --incr --debug typical --relax --mt 2 -L xil_defaultlib -L secureip --snapshot tb_main_behav xil_defaultlib.tb_main -log elaborate.log 
Using 2 slave threads.
Starting static elaboration
Completed static elaboration
Starting simulation data flow analysis
Completed simulation data flow analysis
Time Resolution for simulation is 1ps
Compiling package std.standard
Compiling package std.textio
Compiling package ieee.std_logic_1164
Compiling package ieee.std_logic_arith
Compiling package ieee.std_logic_unsigned
Compiling architecture behavioral of entity xil_defaultlib.chiatan [\chiatan(hesochia=50)\]
Compiling architecture behavioral of entity xil_defaultlib.chiatan [\chiatan(hesochia=2)\]
Compiling architecture behavioral of entity xil_defaultlib.counter_and_split [counter_and_split_default]
Compiling architecture behavioral of entity xil_defaultlib.giaimaled [giaimaled_default]
Compiling architecture behavioral of entity xil_defaultlib.main [main_default]
Compiling architecture behavioral of entity xil_defaultlib.tb_main
Built simulation snapshot tb_main_behav

****** Webtalk v2019.2 (64-bit)
  **** SW Build 2708876 on Wed Nov  6 21:40:23 MST 2019
  **** IP Build 2700528 on Thu Nov  7 00:09:20 MST 2019
    ** Copyright 1986-2019 Xilinx, Inc. All Rights Reserved.

source C:/Users/admin/Desktop/bai_tap_lon_replay/bai_tap_lon_replay.sim/sim_1/behav/xsim/xsim.dir/tb_main_behav/webtalk/xsim_webtalk.tcl -notrace
INFO: [Common 17-186] 'C:/Users/admin/Desktop/bai_tap_lon_replay/bai_tap_lon_replay.sim/sim_1/behav/xsim/xsim.dir/tb_main_behav/webtalk/usage_statistics_ext_xsim.xml' has been successfully sent to Xilinx on Wed Nov 23 16:33:55 2022. For additional details about this file, please refer to the WebTalk help file at C:/Xilinx/Vivado/2019.2/doc/webtalk_introduction.html.
INFO: [Common 17-206] Exiting Webtalk at Wed Nov 23 16:33:55 2022...
run_program: Time (s): cpu = 00:00:00 ; elapsed = 00:00:07 . Memory (MB): peak = 754.594 ; gain = 0.000
INFO: [USF-XSim-69] 'elaborate' step finished in '7' seconds
INFO: [USF-XSim-4] XSim::Simulate design
INFO: [USF-XSim-61] Executing 'SIMULATE' step in 'C:/Users/admin/Desktop/bai_tap_lon_replay/bai_tap_lon_replay.sim/sim_1/behav/xsim'
INFO: [USF-XSim-98] *** Running xsim
   with args "tb_main_behav -key {Behavioral:sim_1:Functional:tb_main} -tclbatch {tb_main.tcl} -log {simulate.log}"
INFO: [USF-XSim-8] Loading simulator feature
Vivado Simulator 2019.2
Time resolution is 1 ps
source tb_main.tcl
# set curr_wave [current_wave_config]
# if { [string length $curr_wave] == 0 } {
#   if { [llength [get_objects]] > 0} {
#     add_wave /
#     set_property needs_save false [current_wave_config]
#   } else {
#      send_msg_id Add_Wave-1 WARNING "No top level signals found. Simulator will start without a wave window. If you want to open a wave window go to 'File->New Waveform Configuration' or type 'create_wave_config' in the TCL console."
#   }
# }
# run 1000ns
INFO: [USF-XSim-96] XSim completed. Design snapshot 'tb_main_behav' loaded.
INFO: [USF-XSim-97] XSim simulation ran for 1000ns
launch_simulation: Time (s): cpu = 00:00:02 ; elapsed = 00:00:11 . Memory (MB): peak = 760.676 ; gain = 6.082
run 1 ms
close_sim
INFO: [Simtcl 6-16] Simulation closed
close_sim: Time (s): cpu = 00:00:01 ; elapsed = 00:00:05 . Memory (MB): peak = 770.191 ; gain = 9.516
exit
INFO: [Common 17-206] Exiting Vivado at Wed Nov 23 16:34:25 2022...
