#-----------------------------------------------------------
# Vivado v2019.2 (64-bit)
# SW Build 2708876 on Wed Nov  6 21:40:23 MST 2019
# IP Build 2700528 on Thu Nov  7 00:09:20 MST 2019
# Start of session at: Wed Nov 23 16:51:12 2022
# Process ID: 5644
# Current directory: C:/Users/admin/Desktop/bai_tap_lon_replay
# Command line: vivado.exe -gui_launcher_event rodinguilauncherevent16888 C:\Users\admin\Desktop\bai_tap_lon_replay\bai_tap_lon_replay.xpr
# Log file: C:/Users/admin/Desktop/bai_tap_lon_replay/vivado.log
# Journal file: C:/Users/admin/Desktop/bai_tap_lon_replay\vivado.jou
#-----------------------------------------------------------
start_gui
open_project C:/Users/admin/Desktop/bai_tap_lon_replay/bai_tap_lon_replay.xpr
Scanning sources...
Finished scanning sources
INFO: [IP_Flow 19-234] Refreshing IP repositories
INFO: [IP_Flow 19-1704] No user IP repositories specified
INFO: [IP_Flow 19-2313] Loaded Vivado IP repository 'C:/Xilinx/Vivado/2019.2/data/ip'.
update_compile_order -fileset sources_1
eexit
INFO: [Common 17-206] Exiting Vivado at Wed Nov 23 16:52:12 2022...
